C:\USERS\BART\DOCUMENTS\VISUAL STUDIO 2010\PROJECTS\AUTOKOMIS\AUTOKOMIS\DEBUG\AUTOKOMIS.EXE.INTERMEDIATE.MANIFEST
C:\USERS\BART\DOCUMENTS\VISUAL STUDIO 2010\PROJECTS\AUTOKOMIS\AUTOKOMIS\DEBUG\MAIN.OBJ
C:\USERS\BART\DOCUMENTS\VISUAL STUDIO 2010\PROJECTS\AUTOKOMIS\AUTOKOMIS\DEBUG\VC100.PDB
C:\USERS\BART\DOCUMENTS\VISUAL STUDIO 2010\PROJECTS\AUTOKOMIS\DEBUG\AUTOKOMIS.EXE
C:\USERS\BART\DOCUMENTS\VISUAL STUDIO 2010\PROJECTS\AUTOKOMIS\DEBUG\AUTOKOMIS.ILK
C:\USERS\BART\DOCUMENTS\VISUAL STUDIO 2010\PROJECTS\AUTOKOMIS\DEBUG\AUTOKOMIS.PDB
D:\INFORMATICA AND PROGRAMMING\C++ PROJECTS\C++ VISUAL10 PROJECTS\AUTOKOMIS-KONSOLA\AUTOKOMIS\DEBUG\AUTOKOMIS.EXE.INTERMEDIATE.MANIFEST
D:\Informatica and Programming\C++ Projects\C++ Visual10 Projects\autokomis-konsola\autokomis\Debug\cl.command.1.tlog
D:\Informatica and Programming\C++ Projects\C++ Visual10 Projects\autokomis-konsola\autokomis\Debug\CL.read.1.tlog
D:\Informatica and Programming\C++ Projects\C++ Visual10 Projects\autokomis-konsola\autokomis\Debug\CL.write.1.tlog
D:\Informatica and Programming\C++ Projects\C++ Visual10 Projects\autokomis-konsola\autokomis\Debug\link.command.1.tlog
D:\Informatica and Programming\C++ Projects\C++ Visual10 Projects\autokomis-konsola\autokomis\Debug\link.read.1.tlog
D:\Informatica and Programming\C++ Projects\C++ Visual10 Projects\autokomis-konsola\autokomis\Debug\link.write.1.tlog
D:\INFORMATICA AND PROGRAMMING\C++ PROJECTS\C++ VISUAL10 PROJECTS\AUTOKOMIS-KONSOLA\AUTOKOMIS\DEBUG\MAIN.OBJ
D:\Informatica and Programming\C++ Projects\C++ Visual10 Projects\autokomis-konsola\autokomis\Debug\mt.command.1.tlog
D:\Informatica and Programming\C++ Projects\C++ Visual10 Projects\autokomis-konsola\autokomis\Debug\mt.read.1.tlog
D:\Informatica and Programming\C++ Projects\C++ Visual10 Projects\autokomis-konsola\autokomis\Debug\mt.write.1.tlog
D:\Informatica and Programming\C++ Projects\C++ Visual10 Projects\autokomis-konsola\autokomis\Debug\vc100.idb
D:\INFORMATICA AND PROGRAMMING\C++ PROJECTS\C++ VISUAL10 PROJECTS\AUTOKOMIS-KONSOLA\AUTOKOMIS\DEBUG\VC100.PDB
D:\INFORMATICA AND PROGRAMMING\C++ PROJECTS\C++ VISUAL10 PROJECTS\AUTOKOMIS-KONSOLA\DEBUG\AUTOKOMIS.EXE
D:\INFORMATICA AND PROGRAMMING\C++ PROJECTS\C++ VISUAL10 PROJECTS\AUTOKOMIS-KONSOLA\DEBUG\AUTOKOMIS.ILK
D:\INFORMATICA AND PROGRAMMING\C++ PROJECTS\C++ VISUAL10 PROJECTS\AUTOKOMIS-KONSOLA\DEBUG\AUTOKOMIS.PDB
